<?xml version="1.0" encoding="UTF-8"?>
<testng-results ignored="0" total="1" passed="0" failed="1" skipped="0">
  <reporter-output>
  </reporter-output>
  <suite started-at="2020-09-26T01:49:14 IST" name="Default suite" finished-at="2020-09-26T01:49:46 IST" duration-ms="31631">
    <groups>
    </groups>
    <test started-at="2020-09-26T01:49:14 IST" name="Default test" finished-at="2020-09-26T01:49:46 IST" duration-ms="31631">
      <class name="testCase">
        <test-method signature="f()[pri:0, instance:testCase@647fd8ce]" started-at="2020-09-26T01:49:14 IST" name="f" finished-at="2020-09-26T01:49:46 IST" duration-ms="31582" status="FAIL">
          <exception class="java.io.IOException">
            <message>
              <![CDATA[The filename, directory name, or volume label syntax is incorrect]]>
            </message>
            <full-stacktrace>
              <![CDATA[java.io.IOException: The filename, directory name, or volume label syntax is incorrect
at java.base/java.io.WinNTFileSystem.canonicalize0(Native Method)
at java.base/java.io.WinNTFileSystem.canonicalize(WinNTFileSystem.java:415)
at java.base/java.io.File.getCanonicalPath(File.java:618)
at org.apache.commons.io.FileUtils.copyFile(FileUtils.java:873)
at org.apache.commons.io.FileUtils.copyFile(FileUtils.java:835)
at org.apache.commons.io.FileUtils.copyFile(FileUtils.java:802)
at utility.Utility.takescreenshot(Utility.java:14)
at testCase.f(testCase.java:38)
at java.base/jdk.internal.reflect.NativeMethodAccessorImpl.invoke0(Native Method)
at java.base/jdk.internal.reflect.NativeMethodAccessorImpl.invoke(NativeMethodAccessorImpl.java:62)
at java.base/jdk.internal.reflect.DelegatingMethodAccessorImpl.invoke(DelegatingMethodAccessorImpl.java:43)
at java.base/java.lang.reflect.Method.invoke(Method.java:567)
at org.testng.internal.MethodInvocationHelper.invokeMethod(MethodInvocationHelper.java:132)
at org.testng.internal.TestInvoker.invokeMethod(TestInvoker.java:599)
at org.testng.internal.TestInvoker.invokeTestMethod(TestInvoker.java:174)
at org.testng.internal.MethodRunner.runInSequence(MethodRunner.java:46)
at org.testng.internal.TestInvoker$MethodInvocationAgent.invoke(TestInvoker.java:822)
at org.testng.internal.TestInvoker.invokeTestMethods(TestInvoker.java:147)
at org.testng.internal.TestMethodWorker.invokeTestMethods(TestMethodWorker.java:146)
at org.testng.internal.TestMethodWorker.run(TestMethodWorker.java:128)
at java.base/java.util.ArrayList.forEach(ArrayList.java:1507)
at org.testng.TestRunner.privateRun(TestRunner.java:764)
at org.testng.TestRunner.run(TestRunner.java:585)
at org.testng.SuiteRunner.runTest(SuiteRunner.java:384)
at org.testng.SuiteRunner.runSequentially(SuiteRunner.java:378)
at org.testng.SuiteRunner.privateRun(SuiteRunner.java:337)
at org.testng.SuiteRunner.run(SuiteRunner.java:286)
at org.testng.SuiteRunnerWorker.runSuite(SuiteRunnerWorker.java:53)
at org.testng.SuiteRunnerWorker.run(SuiteRunnerWorker.java:96)
at org.testng.TestNG.runSuitesSequentially(TestNG.java:1218)
at org.testng.TestNG.runSuitesLocally(TestNG.java:1140)
at org.testng.TestNG.runSuites(TestNG.java:1069)
at org.testng.TestNG.run(TestNG.java:1037)
at org.testng.remote.AbstractRemoteTestNG.run(AbstractRemoteTestNG.java:115)
at org.testng.remote.RemoteTestNG.initAndRun(RemoteTestNG.java:251)
at org.testng.remote.RemoteTestNG.main(RemoteTestNG.java:77)
]]>
            </full-stacktrace>
          </exception> <!-- java.io.IOException -->
          <reporter-output>
          </reporter-output>
        </test-method> <!-- f -->
      </class> <!-- testCase -->
    </test> <!-- Default test -->
  </suite> <!-- Default suite -->
</testng-results>
